<?xml version="1.0" encoding="UTF-8"?>
<testsuite name="runner.runner" tests="0" skipped="0" failures="0" errors="0" timestamp="1970-01-01T00:00:00" hostname="Jorges-MacBook-Pro-13.local" time="0.0">
  <properties/>
  <system-out><![CDATA[
?[33mUndefined scenarios:?[0m
?[33msrc/test/resources/features/Google.feature:3 ?[0m# As a user I enter a search page

1 Scenarios (?[33m1 undefined?[0m)
4 Steps (?[33m4 undefined?[0m)
0m0,106s


You can implement missing steps with the snippets below:

@Given("\\(Dado) I am on the Google search page")
public void dado_I_am_on_the_Google_search_page() {
    // Write code here that turns the phrase above into concrete actions
    throw new cucumber.api.PendingException();
}

@When("\\(Cuando) I enter a search criteria")
public void cuando_I_enter_a_search_criteria() {
    // Write code here that turns the phrase above into concrete actions
    throw new cucumber.api.PendingException();
}

@When("\\(Y) click on the search button")
public void y_click_on_the_search_button() {
    // Write code here that turns the phrase above into concrete actions
    throw new cucumber.api.PendingException();
}

@Then("\\(Entonces) the results match the criteria")
public void entonces_the_results_match_the_criteria() {
    // Write code here that turns the phrase above into concrete actions
    throw new cucumber.api.PendingException();
}


]]></system-out>
  <system-err><![CDATA[]]></system-err>
</testsuite>
